<?xml version="1.0" encoding="UTF-8" ?>
<testsuite errors="0" failures="1" hostname="hemi" name="org.netbeans.modules.compapp.catd.ConfiguredTest" tests="1" time="1035.646" timestamp="2013-11-16T21:23:16">
  <properties>
[...]
</properties>
  <testcase classname="org.netbeans.modules.compapp.catd.ConfiguredTest" name="getFlights" time="1035.595">
    <failure message="[16.11.2013 22:40:31] The response is not identical to the expected output." type="junit.framework.AssertionFailedError">junit.framework.AssertionFailedError: [16.11.2013 22:40:31] The response is not identical to the expected output.
	at org.netbeans.modules.compapp.catd.ConfiguredTest.checkExpectedOutput(ConfiguredTest.java:2354)
	at org.netbeans.modules.compapp.catd.ConfiguredTest.checkExpectedOutput(ConfiguredTest.java:2224)
	at org.netbeans.modules.compapp.catd.ConfiguredTest.testConcurrentSOAPRequest(ConfiguredTest.java:867)
</failure>
  </testcase>
  <system-out><![CDATA[GenerateATSOutput=${generate.ats.output}
NetBeansUserDir=C:\MyPrograms\.netbeans\openesb
ServerPassword=adminadmin
awt.toolkit=sun.awt.windows.WToolkit
file.encoding=Cp1250
file.encoding.pkg=sun.io
file.separator=\
inDebug=true
java.awt.graphicsenv=sun.awt.Win32GraphicsEnvironment
java.awt.headless=${java.awt.headless}
java.awt.printerjob=sun.awt.windows.WPrinterJob
java.class.path=C:\MyPrograms\netbeans\soa\modules\org-netbeans-modules-compapp-manager-jbi.jar;C:\MyPrograms\netbeans\soa\modules\org-netbeans-modules-compapp-projects-jbi.jar;C:\MyPrograms\netbeans\soa\modules\ext\jbi-admin-common.jar;C:\MyPrograms\netbeans\soa\modules\ext\catd.jar;C:\MyPrograms\netbeans\java\modules\ext\junit-3.8.2.jar;C:\MyPrograms\netbeans\ide\modules\org-netbeans-modules-editor-lib.jar;C:\MyPrograms\netbeans\ide\modules\org-netbeans-modules-editor.jar;C:\MyPrograms\netbeans\ide\modules\org-netbeans-modules-editor-deprecated-pre65formatting.jar;C:\MyPrograms\netbeans\ide\modules\org-netbeans-modules-editor-util.jar;C:\MyPrograms\netbeans\ide\modules\org-netbeans-modules-editor-lib2.jar;C:\MyPrograms\netbeans\ide\modules\org-netbeans-modules-editor-indent.jar;C:\MyPrograms\netbeans\ide\modules\org-netbeans-modules-editor-plain.jar;C:\MyPrograms\netbeans\ide\modules\org-netbeans-modules-editor-plain-lib.jar;C:\MyPrograms\netbeans\ide\modules\org-netbeans-modules-editor-settings.jar;C:\MyPrograms\netbeans\ide\modules\org-netbeans-modules-editor-settings-storage.jar;C:\MyPrograms\netbeans\ide\modules\org-netbeans-modules-lexer.jar;C:\MyPrograms\netbeans\ide\modules\org-netbeans-modules-xml-core.jar;C:\MyPrograms\netbeans\ide\modules\org-netbeans-modules-xml-lexer.jar;C:\MyPrograms\netbeans\ide\modules\org-netbeans-modules-xml-text.jar;C:\MyPrograms\netbeans\ide\modules\org-netbeans-modules-xml-xdm.jar;C:\MyPrograms\netbeans\ide\modules\org-netbeans-modules-xml-xam.jar;C:\MyPrograms\netbeans\ide\modules\org-netbeans-modules-csl-api.jar;C:\MyPrograms\netbeans\ide\modules\ext\jaxb\activation.jar;C:\MyPrograms\netbeans\platform\lib\org-openide-modules.jar;C:\MyPrograms\netbeans\platform\lib\org-openide-util.jar;C:\MyPrograms\netbeans\platform\lib\org-openide-util-lookup.jar;C:\MyPrograms\netbeans\platform\modules\org-openide-awt.jar;C:\MyPrograms\netbeans\platform\modules\org-openide-options.jar;C:\MyPrograms\netbeans\platform\modules\org-openide-text.jar;C:\MyPrograms\netbeans\platform\modules\org-openide-loaders.jar;C:\MyPrograms\netbeans\platform\modules\org-openide-nodes.jar;C:\MyPrograms\netbeans\platform\modules\org-netbeans-modules-editor-mimelookup.jar;C:\MyPrograms\netbeans\platform\modules\org-netbeans-modules-editor-mimelookup-impl.jar;C:\MyPrograms\netbeans\platform\core\org-openide-filesystems.jar;C:\MyPrograms\netbeans\platform\modules\org-netbeans-modules-keyring.jar;C:\MyPrograms\netbeans\platform\modules\org-openide-dialogs.jar;C:\MyPrograms\netbeans\java\ant\lib\ant-launcher.jar;C:\MyPrograms\netbeans\java\ant\lib\ant.jar;C:\MyPrograms\netbeans\java\ant\lib\ant-junit.jar;C:\MyPrograms\netbeans\java\ant\lib\ant-junit4.jar
java.class.version=51.0
java.endorsed.dirs=C:\Program Files\Java\jdk1.7.0_45\jre\lib\endorsed
java.ext.dirs=C:\Program Files\Java\jdk1.7.0_45\jre\lib\ext;C:\Windows\Sun\Java\lib\ext
java.home=C:\Program Files\Java\jdk1.7.0_45\jre
java.io.tmpdir=C:\Users\alin\AppData\Local\Temp\
java.library.path=C:\Program Files\Java\jdk1.7.0_45\jre\bin;C:\Windows\Sun\Java\bin;C:\Windows\system32;C:\Windows;C:\MyPrograms\gurobi32\win32\bin;C:\Windows\system32;C:\Windows;C:\Windows\System32\Wbem;C:\Windows\System32\WindowsPowerShell\v1.0\;C:\Program Files\Microsoft ASP.NET\ASP.NET Web Pages\v1.0\;C:\Program Files\Windows Kits\8.0\Windows Performance Toolkit\;C:\Program Files\Microsoft SQL Server\110\Tools\Binn\;C:\Program Files\TortoiseSVN\bin;C:\Users\alin\AppData\Roaming\npm;C:\Program Files\nodejs\;C:\Program Files\Microsoft SQL Server\110\Tools\Binn\ManagementStudio\;C:\Program Files\Microsoft SQL Server\110\DTS\Binn\;C:\Program Files\Microsoft\Web Platform Installer\;C:\Program Files\GtkSharp\2.12\bin;C:\Program Files\TortoiseHg\;.
java.runtime.name=Java(TM) SE Runtime Environment
java.runtime.version=1.7.0_45-b18
java.specification.name=Java Platform API Specification
java.specification.vendor=Oracle Corporation
java.specification.version=1.7
java.vendor=Oracle Corporation
java.vendor.url=http://java.oracle.com/
java.vendor.url.bug=http://bugreport.sun.com/bugreport/
java.version=1.7.0_45
java.vm.info=mixed mode, sharing
java.vm.name=Java HotSpot(TM) Client VM
java.vm.specification.name=Java Virtual Machine Specification
java.vm.specification.vendor=Oracle Corporation
java.vm.specification.version=1.7
java.vm.vendor=Oracle Corporation
java.vm.version=24.45-b08
line.separator=

org.netbeans.modules.compapp.catd.context=
os.arch=x86
os.name=Windows 8
os.version=6.2
path.separator=;
sun.arch.data.model=32
sun.boot.class.path=C:\Program Files\Java\jdk1.7.0_45\jre\lib\resources.jar;C:\Program Files\Java\jdk1.7.0_45\jre\lib\rt.jar;C:\Program Files\Java\jdk1.7.0_45\jre\lib\sunrsasign.jar;C:\Program Files\Java\jdk1.7.0_45\jre\lib\jsse.jar;C:\Program Files\Java\jdk1.7.0_45\jre\lib\jce.jar;C:\Program Files\Java\jdk1.7.0_45\jre\lib\charsets.jar;C:\Program Files\Java\jdk1.7.0_45\jre\lib\jfr.jar;C:\Program Files\Java\jdk1.7.0_45\jre\classes
sun.boot.library.path=C:\Program Files\Java\jdk1.7.0_45\jre\bin
sun.cpu.endian=little
sun.cpu.isalist=
sun.desktop=windows
sun.io.unicode.encoding=UnicodeLittle
sun.java.command=org.apache.tools.ant.taskdefs.optional.junit.JUnitTestRunner org.netbeans.modules.compapp.catd.ConfiguredTest filtertrace=true haltOnError=false haltOnFailure=false showoutput=true outputtoformatters=true logfailedtests=true logtestlistenerevents=true formatter=org.apache.tools.ant.taskdefs.optional.junit.BriefJUnitResultFormatter formatter=org.apache.tools.ant.taskdefs.optional.junit.XMLJUnitResultFormatter,C:\Users\alin\Documents\Netbeans projects\TravelGoodSOAP\TravelGoodCompositeApp\test\results\TEST-org.netbeans.modules.compapp.catd.ConfiguredTest.xml crashfile=C:\Users\alin\AppData\Local\Temp\junitvmwatcher1192386700006806408.properties propsfile=C:\Users\alin\AppData\Local\Temp\junit2415448025717177786.properties
sun.java.launcher=SUN_STANDARD
sun.jnu.encoding=Cp1250
sun.management.compiler=HotSpot Client Compiler
sun.os.patch.level=
user.country=US
user.country.format=RO
user.dir=C:\Users\alin\Documents\Netbeans projects\TravelGoodSOAP\TravelGoodCompositeApp
user.home=C:\Users\alin
user.language=en
user.language.format=ro
user.name=alin
user.script=
user.timezone=Europe/Berlin
user.variant=
Test getFlights\Concurrent.properties Failed. (Destination: http://localhost:${HttpDefaultPort}/service)
]]></system-out>
  <system-err><![CDATA[]]></system-err>
</testsuite>
